<?xml version="1.0" encoding="UTF-8"?>
<!-- Generated by org.testng.reporters.JUnitXMLReporter -->
<testsuite hostname="ASDP1534PO01976" ignored="0" name="Default test" tests="7" failures="0" timestamp="29 Jun 2018 11:01:20 GMT" time="6.415" errors="0">
  <testcase name="attempClickingBasicCourse" time="0.125" classname="Test.MainTest"/>
  <testcase name="attempGridBoxPage" time="0.295" classname="Test.MainTest"/>
  <testcase name="attemptFrameAndDungeonPage" time="1.928" classname="Test.MainTest"/>
  <testcase name="attemptDragNdrop" time="0.356" classname="Test.MainTest"/>
  <testcase name="attemptPopUpWindow" time="0.485" classname="Test.MainTest"/>
  <testcase name="attemptCookie" time="0.652" classname="Test.MainTest"/>
  <testcase name="EndPage" time="0.037" classname="Test.MainTest"/>
</testsuite> <!-- Default test -->
