<?xml version="1.0" encoding="UTF-8"?>
<testng-results skipped="0" failed="0" ignored="0" total="7" passed="7">
  <reporter-output>
  </reporter-output>
  <suite name="Default suite" duration-ms="6415" started-at="2018-06-29T11:01:13Z" finished-at="2018-06-29T11:01:20Z">
    <groups>
    </groups>
    <test name="Default test" duration-ms="6415" started-at="2018-06-29T11:01:13Z" finished-at="2018-06-29T11:01:20Z">
      <class name="Test.MainTest">
        <test-method status="PASS" signature="openTatocLink()[pri:0, instance:Test.MainTest@25af5db5]" name="openTatocLink" is-config="true" duration-ms="2507" started-at="2018-06-29T11:01:13Z" finished-at="2018-06-29T11:01:16Z">
          <reporter-output>
          </reporter-output>
        </test-method> <!-- openTatocLink -->
        <test-method status="PASS" signature="attempClickingBasicCourse()[pri:0, instance:Test.MainTest@25af5db5]" name="attempClickingBasicCourse" duration-ms="125" started-at="2018-06-29T11:01:16Z" finished-at="2018-06-29T11:01:16Z">
          <reporter-output>
          </reporter-output>
        </test-method> <!-- attempClickingBasicCourse -->
        <test-method status="PASS" signature="attempGridBoxPage()[pri:0, instance:Test.MainTest@25af5db5]" name="attempGridBoxPage" duration-ms="295" started-at="2018-06-29T11:01:16Z" depends-on-methods="Test.MainTest.attempClickingBasicCourse" finished-at="2018-06-29T11:01:16Z">
          <reporter-output>
          </reporter-output>
        </test-method> <!-- attempGridBoxPage -->
        <test-method status="PASS" signature="attemptFrameAndDungeonPage()[pri:0, instance:Test.MainTest@25af5db5]" name="attemptFrameAndDungeonPage" duration-ms="1928" started-at="2018-06-29T11:01:16Z" depends-on-methods="Test.MainTest.attempGridBoxPage" finished-at="2018-06-29T11:01:18Z">
          <reporter-output>
          </reporter-output>
        </test-method> <!-- attemptFrameAndDungeonPage -->
        <test-method status="PASS" signature="attemptDragNdrop()[pri:0, instance:Test.MainTest@25af5db5]" name="attemptDragNdrop" duration-ms="356" started-at="2018-06-29T11:01:18Z" depends-on-methods="Test.MainTest.attemptFrameAndDungeonPage" finished-at="2018-06-29T11:01:19Z">
          <reporter-output>
          </reporter-output>
        </test-method> <!-- attemptDragNdrop -->
        <test-method status="PASS" signature="attemptPopUpWindow()[pri:0, instance:Test.MainTest@25af5db5]" name="attemptPopUpWindow" duration-ms="485" started-at="2018-06-29T11:01:19Z" depends-on-methods="Test.MainTest.attemptDragNdrop" finished-at="2018-06-29T11:01:19Z">
          <reporter-output>
          </reporter-output>
        </test-method> <!-- attemptPopUpWindow -->
        <test-method status="PASS" signature="attemptCookie()[pri:0, instance:Test.MainTest@25af5db5]" name="attemptCookie" duration-ms="652" started-at="2018-06-29T11:01:19Z" depends-on-methods="Test.MainTest.attemptPopUpWindow" finished-at="2018-06-29T11:01:20Z">
          <reporter-output>
          </reporter-output>
        </test-method> <!-- attemptCookie -->
        <test-method status="PASS" signature="EndPage()[pri:0, instance:Test.MainTest@25af5db5]" name="EndPage" duration-ms="37" started-at="2018-06-29T11:01:20Z" depends-on-methods="Test.MainTest.attemptCookie" finished-at="2018-06-29T11:01:20Z">
          <reporter-output>
          </reporter-output>
        </test-method> <!-- EndPage -->
      </class> <!-- Test.MainTest -->
    </test> <!-- Default test -->
  </suite> <!-- Default suite -->
</testng-results>
